<?xml version="1.0" encoding="utf-8"?>
<test-run id="2" name="Reflection.Randomness.exe" fullname="C:/MyRepo/Reflection.Randomness/Reflection.Randomness.csproj/bin/Debug/Reflection.Randomness.exe" testcasecount="7" result="Passed" start-time="2018-06-04 20:08:38Z" end-time="2018-06-04 20:08:38Z" duration="0.483478" total="7" passed="7" failed="0" inconclusive="0" skipped="0" asserts="12" random-seed="820151296">
  <command-line><![CDATA["C:\MyRepo\Reflection.Randomness\Reflection.Randomness.csproj\bin\Debug\Reflection.Randomness.exe"   ]]></command-line>
  <filter />
  <test-suite type="Assembly" id="1008" name="Reflection.Randomness.exe" fullname="C:/MyRepo/Reflection.Randomness/Reflection.Randomness.csproj/bin/Debug/Reflection.Randomness.exe" runstate="Runnable" testcasecount="7" result="Passed" start-time="2018-06-04 20:08:38Z" end-time="2018-06-04 20:08:38Z" duration="0.483478" total="7" passed="7" failed="0" warnings="0" inconclusive="0" skipped="0" asserts="12">
    <environment framework-version="3.6.0.0" clr-version="4.0.30319.42000" os-version="Microsoft Windows NT 6.2.9200.0" platform="Win32NT" cwd="C:\MyRepo\Reflection.Randomness\Reflection.Randomness.csproj\bin\Debug" machine-name="DESKTOP-MJHFLF4" user="altuk" user-domain="DESKTOP-MJHFLF4" culture="en-US" uiculture="en-US" os-architecture="x86" />
    <settings>
      <setting name="WorkDirectory" value="C:\MyRepo\Reflection.Randomness\Reflection.Randomness.csproj\bin\Debug" />
      <setting name="NumberOfTestWorkers" value="4" />
    </settings>
    <properties>
      <property name="_PID" value="5216" />
      <property name="_APPDOMAIN" value="Reflection.Randomness.exe" />
    </properties>
    <test-suite type="TestSuite" id="1009" name="Reflection" fullname="Reflection" runstate="Runnable" testcasecount="7" result="Passed" start-time="2018-06-04 20:08:38Z" end-time="2018-06-04 20:08:38Z" duration="0.405937" total="7" passed="7" failed="0" warnings="0" inconclusive="0" skipped="0" asserts="12">
      <test-suite type="TestSuite" id="1010" name="Randomness" fullname="Reflection.Randomness" runstate="Runnable" testcasecount="7" result="Passed" start-time="2018-06-04 20:08:38Z" end-time="2018-06-04 20:08:38Z" duration="0.400948" total="7" passed="7" failed="0" warnings="0" inconclusive="0" skipped="0" asserts="12">
        <test-suite type="TestFixture" id="1000" name="Generator_should" fullname="Reflection.Randomness.Generator_should" classname="Reflection.Randomness.Generator_should" runstate="Runnable" testcasecount="7" result="Passed" start-time="2018-06-04 20:08:38Z" end-time="2018-06-04 20:08:38Z" duration="0.378510" total="7" passed="7" failed="0" warnings="0" inconclusive="0" skipped="0" asserts="12">
          <test-case id="1001" name="GenerateT1" fullname="Reflection.Randomness.Generator_should.GenerateT1" methodname="GenerateT1" classname="Reflection.Randomness.Generator_should" runstate="Runnable" seed="1062422731" result="Passed" start-time="2018-06-04 20:08:38Z" end-time="2018-06-04 20:08:38Z" duration="0.178909" asserts="1" />
          <test-case id="1002" name="GenerateT1TwiceGivesUniqueObjects" fullname="Reflection.Randomness.Generator_should.GenerateT1TwiceGivesUniqueObjects" methodname="GenerateT1TwiceGivesUniqueObjects" classname="Reflection.Randomness.Generator_should" runstate="Runnable" seed="136016299" result="Passed" start-time="2018-06-04 20:08:38Z" end-time="2018-06-04 20:08:38Z" duration="0.037572" asserts="1" />
          <test-case id="1003" name="GenerateT2" fullname="Reflection.Randomness.Generator_should.GenerateT2" methodname="GenerateT2" classname="Reflection.Randomness.Generator_should" runstate="Runnable" seed="525605361" result="Passed" start-time="2018-06-04 20:08:38Z" end-time="2018-06-04 20:08:38Z" duration="0.014939" asserts="4" />
          <test-case id="1004" name="NotAllowForAfterFor" fullname="Reflection.Randomness.Generator_should.NotAllowForAfterFor" methodname="NotAllowForAfterFor" classname="Reflection.Randomness.Generator_should" runstate="Runnable" seed="1553839523" result="Passed" start-time="2018-06-04 20:08:38Z" end-time="2018-06-04 20:08:38Z" duration="0.071670" asserts="1" />
          <test-case id="1005" name="ReplaceGeneratorFor1Field" fullname="Reflection.Randomness.Generator_should.ReplaceGeneratorFor1Field" methodname="ReplaceGeneratorFor1Field" classname="Reflection.Randomness.Generator_should" runstate="Runnable" seed="1581372112" result="Passed" start-time="2018-06-04 20:08:38Z" end-time="2018-06-04 20:08:38Z" duration="0.002758" asserts="2" />
          <test-case id="1006" name="ReplaceGeneratorFor2Fields" fullname="Reflection.Randomness.Generator_should.ReplaceGeneratorFor2Fields" methodname="ReplaceGeneratorFor2Fields" classname="Reflection.Randomness.Generator_should" runstate="Runnable" seed="1406792848" result="Passed" start-time="2018-06-04 20:08:38Z" end-time="2018-06-04 20:08:38Z" duration="0.002496" asserts="2" />
          <test-case id="1007" name="SetGeneratorForFieldWithoutAttributes" fullname="Reflection.Randomness.Generator_should.SetGeneratorForFieldWithoutAttributes" methodname="SetGeneratorForFieldWithoutAttributes" classname="Reflection.Randomness.Generator_should" runstate="Runnable" seed="770581470" result="Passed" start-time="2018-06-04 20:08:38Z" end-time="2018-06-04 20:08:38Z" duration="0.001853" asserts="1" />
        </test-suite>
      </test-suite>
    </test-suite>
  </test-suite>
</test-run>