<?xml version="1.0" encoding="utf-8"?>
<test-run id="2" name="Reflection.Randomness.exe" fullname="C:/MyRepo/Reflection.Randomness/Reflection.Randomness.csproj/bin/Debug/Reflection.Randomness.exe" testcasecount="7" result="Failed" start-time="2018-06-13 19:57:43Z" end-time="2018-06-13 19:57:43Z" duration="0.251359" total="7" passed="6" failed="1" inconclusive="0" skipped="0" asserts="12" random-seed="1335811792">
  <command-line><![CDATA["C:\MyRepo\Reflection.Randomness\Reflection.Randomness.csproj\bin\Debug\Reflection.Randomness.exe"   ]]></command-line>
  <filter />
  <test-suite type="Assembly" id="1008" name="Reflection.Randomness.exe" fullname="C:/MyRepo/Reflection.Randomness/Reflection.Randomness.csproj/bin/Debug/Reflection.Randomness.exe" runstate="Runnable" testcasecount="7" result="Failed" site="Child" start-time="2018-06-13 19:57:43Z" end-time="2018-06-13 19:57:43Z" duration="0.251359" total="7" passed="6" failed="1" warnings="0" inconclusive="0" skipped="0" asserts="12">
    <environment framework-version="3.6.0.0" clr-version="4.0.30319.42000" os-version="Microsoft Windows NT 6.2.9200.0" platform="Win32NT" cwd="C:\MyRepo\Reflection.Randomness\Reflection.Randomness.csproj\bin\Debug" machine-name="DESKTOP-MJHFLF4" user="altuk" user-domain="DESKTOP-MJHFLF4" culture="en-US" uiculture="en-US" os-architecture="x86" />
    <settings>
      <setting name="WorkDirectory" value="C:\MyRepo\Reflection.Randomness\Reflection.Randomness.csproj\bin\Debug" />
      <setting name="NumberOfTestWorkers" value="4" />
    </settings>
    <properties>
      <property name="_PID" value="20852" />
      <property name="_APPDOMAIN" value="Reflection.Randomness.exe" />
    </properties>
    <failure>
      <message><![CDATA[One or more child tests had errors]]></message>
    </failure>
    <test-suite type="TestSuite" id="1009" name="Reflection" fullname="Reflection" runstate="Runnable" testcasecount="7" result="Failed" site="Child" start-time="2018-06-13 19:57:43Z" end-time="2018-06-13 19:57:43Z" duration="0.217965" total="7" passed="6" failed="1" warnings="0" inconclusive="0" skipped="0" asserts="12">
      <failure>
        <message><![CDATA[One or more child tests had errors]]></message>
      </failure>
      <test-suite type="TestSuite" id="1010" name="Randomness" fullname="Reflection.Randomness" runstate="Runnable" testcasecount="7" result="Failed" site="Child" start-time="2018-06-13 19:57:43Z" end-time="2018-06-13 19:57:43Z" duration="0.214687" total="7" passed="6" failed="1" warnings="0" inconclusive="0" skipped="0" asserts="12">
        <failure>
          <message><![CDATA[One or more child tests had errors]]></message>
        </failure>
        <test-suite type="TestFixture" id="1000" name="Generator_should" fullname="Reflection.Randomness.Generator_should" classname="Reflection.Randomness.Generator_should" runstate="Runnable" testcasecount="7" result="Failed" site="Child" start-time="2018-06-13 19:57:43Z" end-time="2018-06-13 19:57:43Z" duration="0.204011" total="7" passed="6" failed="1" warnings="0" inconclusive="0" skipped="0" asserts="12">
          <failure>
            <message><![CDATA[One or more child tests had errors]]></message>
          </failure>
          <test-case id="1001" name="GenerateT1" fullname="Reflection.Randomness.Generator_should.GenerateT1" methodname="GenerateT1" classname="Reflection.Randomness.Generator_should" runstate="Runnable" seed="1552557499" result="Passed" start-time="2018-06-13 19:57:43Z" end-time="2018-06-13 19:57:43Z" duration="0.063565" asserts="1" />
          <test-case id="1002" name="GenerateT1TwiceGivesUniqueObjects" fullname="Reflection.Randomness.Generator_should.GenerateT1TwiceGivesUniqueObjects" methodname="GenerateT1TwiceGivesUniqueObjects" classname="Reflection.Randomness.Generator_should" runstate="Runnable" seed="592336708" result="Passed" start-time="2018-06-13 19:57:43Z" end-time="2018-06-13 19:57:43Z" duration="0.015729" asserts="1" />
          <test-case id="1003" name="GenerateT2" fullname="Reflection.Randomness.Generator_should.GenerateT2" methodname="GenerateT2" classname="Reflection.Randomness.Generator_should" runstate="Runnable" seed="1690516402" result="Passed" start-time="2018-06-13 19:57:43Z" end-time="2018-06-13 19:57:43Z" duration="0.013333" asserts="4" />
          <test-case id="1004" name="NotAllowForAfterFor" fullname="Reflection.Randomness.Generator_should.NotAllowForAfterFor" methodname="NotAllowForAfterFor" classname="Reflection.Randomness.Generator_should" runstate="Runnable" seed="398566178" result="Passed" start-time="2018-06-13 19:57:43Z" end-time="2018-06-13 19:57:43Z" duration="0.008672" asserts="1" />
          <test-case id="1005" name="ReplaceGeneratorFor1Field" fullname="Reflection.Randomness.Generator_should.ReplaceGeneratorFor1Field" methodname="ReplaceGeneratorFor1Field" classname="Reflection.Randomness.Generator_should" runstate="Runnable" seed="626811495" result="Passed" start-time="2018-06-13 19:57:43Z" end-time="2018-06-13 19:57:43Z" duration="0.002976" asserts="2" />
          <test-case id="1006" name="ReplaceGeneratorFor2Fields" fullname="Reflection.Randomness.Generator_should.ReplaceGeneratorFor2Fields" methodname="ReplaceGeneratorFor2Fields" classname="Reflection.Randomness.Generator_should" runstate="Runnable" seed="67667700" result="Passed" start-time="2018-06-13 19:57:43Z" end-time="2018-06-13 19:57:43Z" duration="0.002385" asserts="2" />
          <test-case id="1007" name="SetGeneratorForFieldWithoutAttributes" fullname="Reflection.Randomness.Generator_should.SetGeneratorForFieldWithoutAttributes" methodname="SetGeneratorForFieldWithoutAttributes" classname="Reflection.Randomness.Generator_should" runstate="Runnable" seed="1665725479" result="Failed" start-time="2018-06-13 19:57:43Z" end-time="2018-06-13 19:57:43Z" duration="0.044937" asserts="1">
            <failure>
              <message><![CDATA[  Expected: collection containing 0.0d
  But was:  < 0.1476521593462698d, 0.29076418114550767d, 0.74256588018211978d, 1.6871982067325015d, -1.2376173863851714d, -0.017831281913774168d, -0.045511210854553258d, 2.4476807047958968d, 0.6639772873103944d, 0.81074237609111555d >
]]></message>
              <stack-trace><![CDATA[at Reflection.Randomness.Generator_should.AssertPropertyFilledWithDistribution(Double actualValue, IContinousDistribution distribution) in C:\MyRepo\Reflection.Randomness\Reflection.Randomness.csproj\Generator_should.cs:line 155
at Reflection.Randomness.Generator_should.SetGeneratorForFieldWithoutAttributes() in C:\MyRepo\Reflection.Randomness\Reflection.Randomness.csproj\Generator_should.cs:line 121
]]></stack-trace>
            </failure>
            <assertions>
              <assertion result="Failed">
                <message><![CDATA[  Expected: collection containing 0.0d
  But was:  < 0.1476521593462698d, 0.29076418114550767d, 0.74256588018211978d, 1.6871982067325015d, -1.2376173863851714d, -0.017831281913774168d, -0.045511210854553258d, 2.4476807047958968d, 0.6639772873103944d, 0.81074237609111555d >
]]></message>
                <stack-trace><![CDATA[at Reflection.Randomness.Generator_should.AssertPropertyFilledWithDistribution(Double actualValue, IContinousDistribution distribution) in C:\MyRepo\Reflection.Randomness\Reflection.Randomness.csproj\Generator_should.cs:line 155
at Reflection.Randomness.Generator_should.SetGeneratorForFieldWithoutAttributes() in C:\MyRepo\Reflection.Randomness\Reflection.Randomness.csproj\Generator_should.cs:line 121
]]></stack-trace>
              </assertion>
            </assertions>
          </test-case>
        </test-suite>
      </test-suite>
    </test-suite>
  </test-suite>
</test-run>